<?xml version="1.0" encoding="UTF-8"?>
<testsuite xmlns:xsi="http://www.w3.org/2001/XMLSchema-instance" xsi:noNamespaceSchemaLocation="https://maven.apache.org/surefire/maven-surefire-plugin/xsd/surefire-test-report.xsd" name="WebAutomation.SampleTest" time="37.949" tests="1" errors="0" skipped="0" failures="0">
  <properties>
    <property name="gopherProxySet" value="false"/>
    <property name="awt.toolkit" value="sun.lwawt.macosx.LWCToolkit"/>
    <property name="file.encoding.pkg" value="sun.io"/>
    <property name="java.specification.version" value="1.8"/>
    <property name="sun.cpu.isalist" value=""/>
    <property name="sun.jnu.encoding" value="UTF-8"/>
    <property name="java.class.path" value="/Users/sivareddyk/IdeaProjects/DevPreactice/target/test-classes:/Users/sivareddyk/IdeaProjects/DevPreactice/target/classes:/Users/sivareddyk/.m2/repository/org/seleniumhq/selenium/selenium-server/4.0.0-alpha-2/selenium-server-4.0.0-alpha-2.jar:/Users/sivareddyk/.m2/repository/org/seleniumhq/selenium/grid/4.0.0-alpha-2/grid-4.0.0-alpha-2.jar:/Users/sivareddyk/.m2/repository/org/seleniumhq/selenium/jetty-repacked/9.4.12.v20180830.1/jetty-repacked-9.4.12.v20180830.1.jar:/Users/sivareddyk/.m2/repository/javax/servlet/javax.servlet-api/3.1.0/javax.servlet-api-3.1.0.jar:/Users/sivareddyk/.m2/repository/org/zeromq/jeromq/0.5.1/jeromq-0.5.1.jar:/Users/sivareddyk/.m2/repository/eu/neilalexander/jnacl/1.0.0/jnacl-1.0.0.jar:/Users/sivareddyk/.m2/repository/net/jcip/jcip-annotations/1.0/jcip-annotations-1.0.jar:/Users/sivareddyk/.m2/repository/org/yaml/snakeyaml/1.24/snakeyaml-1.24.jar:/Users/sivareddyk/.m2/repository/org/seleniumhq/selenium/selenium-java/4.0.0-alpha-4/selenium-java-4.0.0-alpha-4.jar:/Users/sivareddyk/.m2/repository/org/seleniumhq/selenium/selenium-api/4.0.0-alpha-4/selenium-api-4.0.0-alpha-4.jar:/Users/sivareddyk/.m2/repository/org/seleniumhq/selenium/selenium-chrome-driver/4.0.0-alpha-4/selenium-chrome-driver-4.0.0-alpha-4.jar:/Users/sivareddyk/.m2/repository/com/google/auto/service/auto-service-annotations/1.0-rc6/auto-service-annotations-1.0-rc6.jar:/Users/sivareddyk/.m2/repository/com/google/auto/service/auto-service/1.0-rc6/auto-service-1.0-rc6.jar:/Users/sivareddyk/.m2/repository/com/google/auto/auto-common/0.10/auto-common-0.10.jar:/Users/sivareddyk/.m2/repository/org/seleniumhq/selenium/selenium-chromium-driver/4.0.0-alpha-4/selenium-chromium-driver-4.0.0-alpha-4.jar:/Users/sivareddyk/.m2/repository/org/seleniumhq/selenium/selenium-devtools/4.0.0-alpha-4/selenium-devtools-4.0.0-alpha-4.jar:/Users/sivareddyk/.m2/repository/org/seleniumhq/selenium/selenium-edge-driver/4.0.0-alpha-4/selenium-edge-driver-4.0.0-alpha-4.jar:/Users/sivareddyk/.m2/repository/org/seleniumhq/selenium/selenium-edgehtml-driver/4.0.0-alpha-4/selenium-edgehtml-driver-4.0.0-alpha-4.jar:/Users/sivareddyk/.m2/repository/org/seleniumhq/selenium/selenium-firefox-driver/4.0.0-alpha-4/selenium-firefox-driver-4.0.0-alpha-4.jar:/Users/sivareddyk/.m2/repository/org/seleniumhq/selenium/selenium-firefox-xpi-driver/4.0.0-alpha-4/selenium-firefox-xpi-driver-4.0.0-alpha-4.jar:/Users/sivareddyk/.m2/repository/org/seleniumhq/selenium/selenium-ie-driver/4.0.0-alpha-4/selenium-ie-driver-4.0.0-alpha-4.jar:/Users/sivareddyk/.m2/repository/org/seleniumhq/selenium/selenium-opera-driver/4.0.0-alpha-4/selenium-opera-driver-4.0.0-alpha-4.jar:/Users/sivareddyk/.m2/repository/org/seleniumhq/selenium/selenium-safari-driver/4.0.0-alpha-4/selenium-safari-driver-4.0.0-alpha-4.jar:/Users/sivareddyk/.m2/repository/org/seleniumhq/selenium/selenium-support/4.0.0-alpha-4/selenium-support-4.0.0-alpha-4.jar:/Users/sivareddyk/.m2/repository/org/seleniumhq/selenium/selenium-remote-driver/4.0.0-alpha-4/selenium-remote-driver-4.0.0-alpha-4.jar:/Users/sivareddyk/.m2/repository/com/google/guava/guava/28.2-jre/guava-28.2-jre.jar:/Users/sivareddyk/.m2/repository/com/google/guava/failureaccess/1.0.1/failureaccess-1.0.1.jar:/Users/sivareddyk/.m2/repository/com/google/guava/listenablefuture/9999.0-empty-to-avoid-conflict-with-guava/listenablefuture-9999.0-empty-to-avoid-conflict-with-guava.jar:/Users/sivareddyk/.m2/repository/com/google/code/findbugs/jsr305/3.0.2/jsr305-3.0.2.jar:/Users/sivareddyk/.m2/repository/org/checkerframework/checker-qual/2.10.0/checker-qual-2.10.0.jar:/Users/sivareddyk/.m2/repository/com/google/errorprone/error_prone_annotations/2.3.4/error_prone_annotations-2.3.4.jar:/Users/sivareddyk/.m2/repository/com/google/j2objc/j2objc-annotations/1.3/j2objc-annotations-1.3.jar:/Users/sivareddyk/.m2/repository/com/squareup/okhttp3/okhttp/4.3.0/okhttp-4.3.0.jar:/Users/sivareddyk/.m2/repository/com/squareup/okio/okio/2.4.1/okio-2.4.1.jar:/Users/sivareddyk/.m2/repository/org/jetbrains/kotlin/kotlin-stdlib-common/1.3.50/kotlin-stdlib-common-1.3.50.jar:/Users/sivareddyk/.m2/repository/org/jetbrains/kotlin/kotlin-stdlib/1.3.61/kotlin-stdlib-1.3.61.jar:/Users/sivareddyk/.m2/repository/org/jetbrains/annotations/13.0/annotations-13.0.jar:/Users/sivareddyk/.m2/repository/com/typesafe/netty/netty-reactive-streams/2.0.4/netty-reactive-streams-2.0.4.jar:/Users/sivareddyk/.m2/repository/io/netty/netty-handler/4.1.43.Final/netty-handler-4.1.43.Final.jar:/Users/sivareddyk/.m2/repository/io/netty/netty-common/4.1.43.Final/netty-common-4.1.43.Final.jar:/Users/sivareddyk/.m2/repository/io/netty/netty-buffer/4.1.43.Final/netty-buffer-4.1.43.Final.jar:/Users/sivareddyk/.m2/repository/io/netty/netty-transport/4.1.43.Final/netty-transport-4.1.43.Final.jar:/Users/sivareddyk/.m2/repository/io/netty/netty-codec/4.1.43.Final/netty-codec-4.1.43.Final.jar:/Users/sivareddyk/.m2/repository/org/reactivestreams/reactive-streams/1.0.3/reactive-streams-1.0.3.jar:/Users/sivareddyk/.m2/repository/io/opentracing/opentracing-api/0.33.0/opentracing-api-0.33.0.jar:/Users/sivareddyk/.m2/repository/net/bytebuddy/byte-buddy/1.10.6/byte-buddy-1.10.6.jar:/Users/sivareddyk/.m2/repository/org/apache/commons/commons-exec/1.3/commons-exec-1.3.jar:/Users/sivareddyk/.m2/repository/org/asynchttpclient/async-http-client/2.10.4/async-http-client-2.10.4.jar:/Users/sivareddyk/.m2/repository/org/asynchttpclient/async-http-client-netty-utils/2.10.4/async-http-client-netty-utils-2.10.4.jar:/Users/sivareddyk/.m2/repository/io/netty/netty-codec-http/4.1.42.Final/netty-codec-http-4.1.42.Final.jar:/Users/sivareddyk/.m2/repository/io/netty/netty-codec-socks/4.1.42.Final/netty-codec-socks-4.1.42.Final.jar:/Users/sivareddyk/.m2/repository/io/netty/netty-handler-proxy/4.1.42.Final/netty-handler-proxy-4.1.42.Final.jar:/Users/sivareddyk/.m2/repository/io/netty/netty-transport-native-epoll/4.1.42.Final/netty-transport-native-epoll-4.1.42.Final-linux-x86_64.jar:/Users/sivareddyk/.m2/repository/io/netty/netty-transport-native-unix-common/4.1.42.Final/netty-transport-native-unix-common-4.1.42.Final.jar:/Users/sivareddyk/.m2/repository/io/netty/netty-transport-native-kqueue/4.1.42.Final/netty-transport-native-kqueue-4.1.42.Final-osx-x86_64.jar:/Users/sivareddyk/.m2/repository/io/netty/netty-resolver-dns/4.1.42.Final/netty-resolver-dns-4.1.42.Final.jar:/Users/sivareddyk/.m2/repository/io/netty/netty-resolver/4.1.42.Final/netty-resolver-4.1.42.Final.jar:/Users/sivareddyk/.m2/repository/io/netty/netty-codec-dns/4.1.42.Final/netty-codec-dns-4.1.42.Final.jar:/Users/sivareddyk/.m2/repository/com/sun/activation/javax.activation/1.2.0/javax.activation-1.2.0.jar:/Users/sivareddyk/.m2/repository/org/seleniumhq/selenium/selenium-http/4.0.0-alpha-4/selenium-http-4.0.0-alpha-4.jar:/Users/sivareddyk/.m2/repository/org/seleniumhq/selenium/selenium-json/4.0.0-alpha-4/selenium-json-4.0.0-alpha-4.jar:/Users/sivareddyk/.m2/repository/io/github/bonigarcia/webdrivermanager/3.8.1/webdrivermanager-3.8.1.jar:/Users/sivareddyk/.m2/repository/org/slf4j/slf4j-api/1.7.25/slf4j-api-1.7.25.jar:/Users/sivareddyk/.m2/repository/commons-io/commons-io/2.6/commons-io-2.6.jar:/Users/sivareddyk/.m2/repository/com/google/code/gson/gson/2.8.5/gson-2.8.5.jar:/Users/sivareddyk/.m2/repository/org/apache/commons/commons-lang3/3.8.1/commons-lang3-3.8.1.jar:/Users/sivareddyk/.m2/repository/org/apache/httpcomponents/httpclient/4.5.6/httpclient-4.5.6.jar:/Users/sivareddyk/.m2/repository/org/apache/httpcomponents/httpcore/4.4.10/httpcore-4.4.10.jar:/Users/sivareddyk/.m2/repository/commons-logging/commons-logging/1.2/commons-logging-1.2.jar:/Users/sivareddyk/.m2/repository/commons-codec/commons-codec/1.10/commons-codec-1.10.jar:/Users/sivareddyk/.m2/repository/org/rauschig/jarchivelib/1.0.0/jarchivelib-1.0.0.jar:/Users/sivareddyk/.m2/repository/org/apache/commons/commons-compress/1.18/commons-compress-1.18.jar:/Users/sivareddyk/.m2/repository/org/jsoup/jsoup/1.11.3/jsoup-1.11.3.jar:/Users/sivareddyk/.m2/repository/io/appium/java-client/7.0.0/java-client-7.0.0.jar:/Users/sivareddyk/.m2/repository/cglib/cglib/3.2.8/cglib-3.2.8.jar:/Users/sivareddyk/.m2/repository/org/ow2/asm/asm/6.2.1/asm-6.2.1.jar:/Users/sivareddyk/.m2/repository/org/apache/ant/ant/1.10.3/ant-1.10.3.jar:/Users/sivareddyk/.m2/repository/org/apache/ant/ant-launcher/1.10.3/ant-launcher-1.10.3.jar:/Users/sivareddyk/.m2/repository/commons-validator/commons-validator/1.6/commons-validator-1.6.jar:/Users/sivareddyk/.m2/repository/commons-beanutils/commons-beanutils/1.9.2/commons-beanutils-1.9.2.jar:/Users/sivareddyk/.m2/repository/commons-digester/commons-digester/1.8.1/commons-digester-1.8.1.jar:/Users/sivareddyk/.m2/repository/commons-collections/commons-collections/3.2.2/commons-collections-3.2.2.jar:/Users/sivareddyk/.m2/repository/org/springframework/spring-context/5.1.0.RELEASE/spring-context-5.1.0.RELEASE.jar:/Users/sivareddyk/.m2/repository/org/springframework/spring-aop/5.1.0.RELEASE/spring-aop-5.1.0.RELEASE.jar:/Users/sivareddyk/.m2/repository/org/springframework/spring-beans/5.1.0.RELEASE/spring-beans-5.1.0.RELEASE.jar:/Users/sivareddyk/.m2/repository/org/springframework/spring-core/5.1.0.RELEASE/spring-core-5.1.0.RELEASE.jar:/Users/sivareddyk/.m2/repository/org/springframework/spring-jcl/5.1.0.RELEASE/spring-jcl-5.1.0.RELEASE.jar:/Users/sivareddyk/.m2/repository/org/springframework/spring-expression/5.1.0.RELEASE/spring-expression-5.1.0.RELEASE.jar:/Users/sivareddyk/.m2/repository/org/aspectj/aspectjweaver/1.9.1/aspectjweaver-1.9.1.jar:/Users/sivareddyk/.m2/repository/org/testng/testng/6.14.3/testng-6.14.3.jar:/Users/sivareddyk/.m2/repository/com/beust/jcommander/1.72/jcommander-1.72.jar:/Users/sivareddyk/.m2/repository/org/apache-extras/beanshell/bsh/2.0b6/bsh-2.0b6.jar:/Users/sivareddyk/.m2/repository/io/qameta/allure/allure-testng/2.13.2/allure-testng-2.13.2.jar:/Users/sivareddyk/.m2/repository/io/qameta/allure/allure-java-commons/2.13.2/allure-java-commons-2.13.2.jar:/Users/sivareddyk/.m2/repository/io/qameta/allure/allure-model/2.13.2/allure-model-2.13.2.jar:/Users/sivareddyk/.m2/repository/com/fasterxml/jackson/core/jackson-databind/2.9.8/jackson-databind-2.9.8.jar:/Users/sivareddyk/.m2/repository/com/fasterxml/jackson/core/jackson-annotations/2.9.0/jackson-annotations-2.9.0.jar:/Users/sivareddyk/.m2/repository/com/fasterxml/jackson/core/jackson-core/2.9.8/jackson-core-2.9.8.jar:/Users/sivareddyk/.m2/repository/org/apache/tika/tika-core/1.20/tika-core-1.20.jar:/Users/sivareddyk/.m2/repository/org/jooq/joor-java-8/0.9.10/joor-java-8-0.9.10.jar:"/>
    <property name="java.vm.vendor" value="Oracle Corporation"/>
    <property name="sun.arch.data.model" value="64"/>
    <property name="java.vendor.url" value="http://java.oracle.com/"/>
    <property name="user.timezone" value=""/>
    <property name="java.vm.specification.version" value="1.8"/>
    <property name="os.name" value="Mac OS X"/>
    <property name="user.country" value="IN"/>
    <property name="sun.java.launcher" value="SUN_STANDARD"/>
    <property name="sun.boot.library.path" value="/Library/Java/JavaVirtualMachines/jdk1.8.0_231.jdk/Contents/Home/jre/lib"/>
    <property name="sun.java.command" value="/Users/sivareddyk/IdeaProjects/DevPreactice/target/surefire/surefirebooter1604154016455071474.jar /Users/sivareddyk/IdeaProjects/DevPreactice/target/surefire 2020-03-06T22-38-48_990-jvmRun1 surefire4444898459737715029tmp surefire_03792713317483303239tmp"/>
    <property name="http.nonProxyHosts" value="local|*.local|169.254/16|*.169.254/16"/>
    <property name="surefire.test.class.path" value="/Users/sivareddyk/IdeaProjects/DevPreactice/target/test-classes:/Users/sivareddyk/IdeaProjects/DevPreactice/target/classes:/Users/sivareddyk/.m2/repository/org/seleniumhq/selenium/selenium-server/4.0.0-alpha-2/selenium-server-4.0.0-alpha-2.jar:/Users/sivareddyk/.m2/repository/org/seleniumhq/selenium/grid/4.0.0-alpha-2/grid-4.0.0-alpha-2.jar:/Users/sivareddyk/.m2/repository/org/seleniumhq/selenium/jetty-repacked/9.4.12.v20180830.1/jetty-repacked-9.4.12.v20180830.1.jar:/Users/sivareddyk/.m2/repository/javax/servlet/javax.servlet-api/3.1.0/javax.servlet-api-3.1.0.jar:/Users/sivareddyk/.m2/repository/org/zeromq/jeromq/0.5.1/jeromq-0.5.1.jar:/Users/sivareddyk/.m2/repository/eu/neilalexander/jnacl/1.0.0/jnacl-1.0.0.jar:/Users/sivareddyk/.m2/repository/net/jcip/jcip-annotations/1.0/jcip-annotations-1.0.jar:/Users/sivareddyk/.m2/repository/org/yaml/snakeyaml/1.24/snakeyaml-1.24.jar:/Users/sivareddyk/.m2/repository/org/seleniumhq/selenium/selenium-java/4.0.0-alpha-4/selenium-java-4.0.0-alpha-4.jar:/Users/sivareddyk/.m2/repository/org/seleniumhq/selenium/selenium-api/4.0.0-alpha-4/selenium-api-4.0.0-alpha-4.jar:/Users/sivareddyk/.m2/repository/org/seleniumhq/selenium/selenium-chrome-driver/4.0.0-alpha-4/selenium-chrome-driver-4.0.0-alpha-4.jar:/Users/sivareddyk/.m2/repository/com/google/auto/service/auto-service-annotations/1.0-rc6/auto-service-annotations-1.0-rc6.jar:/Users/sivareddyk/.m2/repository/com/google/auto/service/auto-service/1.0-rc6/auto-service-1.0-rc6.jar:/Users/sivareddyk/.m2/repository/com/google/auto/auto-common/0.10/auto-common-0.10.jar:/Users/sivareddyk/.m2/repository/org/seleniumhq/selenium/selenium-chromium-driver/4.0.0-alpha-4/selenium-chromium-driver-4.0.0-alpha-4.jar:/Users/sivareddyk/.m2/repository/org/seleniumhq/selenium/selenium-devtools/4.0.0-alpha-4/selenium-devtools-4.0.0-alpha-4.jar:/Users/sivareddyk/.m2/repository/org/seleniumhq/selenium/selenium-edge-driver/4.0.0-alpha-4/selenium-edge-driver-4.0.0-alpha-4.jar:/Users/sivareddyk/.m2/repository/org/seleniumhq/selenium/selenium-edgehtml-driver/4.0.0-alpha-4/selenium-edgehtml-driver-4.0.0-alpha-4.jar:/Users/sivareddyk/.m2/repository/org/seleniumhq/selenium/selenium-firefox-driver/4.0.0-alpha-4/selenium-firefox-driver-4.0.0-alpha-4.jar:/Users/sivareddyk/.m2/repository/org/seleniumhq/selenium/selenium-firefox-xpi-driver/4.0.0-alpha-4/selenium-firefox-xpi-driver-4.0.0-alpha-4.jar:/Users/sivareddyk/.m2/repository/org/seleniumhq/selenium/selenium-ie-driver/4.0.0-alpha-4/selenium-ie-driver-4.0.0-alpha-4.jar:/Users/sivareddyk/.m2/repository/org/seleniumhq/selenium/selenium-opera-driver/4.0.0-alpha-4/selenium-opera-driver-4.0.0-alpha-4.jar:/Users/sivareddyk/.m2/repository/org/seleniumhq/selenium/selenium-safari-driver/4.0.0-alpha-4/selenium-safari-driver-4.0.0-alpha-4.jar:/Users/sivareddyk/.m2/repository/org/seleniumhq/selenium/selenium-support/4.0.0-alpha-4/selenium-support-4.0.0-alpha-4.jar:/Users/sivareddyk/.m2/repository/org/seleniumhq/selenium/selenium-remote-driver/4.0.0-alpha-4/selenium-remote-driver-4.0.0-alpha-4.jar:/Users/sivareddyk/.m2/repository/com/google/guava/guava/28.2-jre/guava-28.2-jre.jar:/Users/sivareddyk/.m2/repository/com/google/guava/failureaccess/1.0.1/failureaccess-1.0.1.jar:/Users/sivareddyk/.m2/repository/com/google/guava/listenablefuture/9999.0-empty-to-avoid-conflict-with-guava/listenablefuture-9999.0-empty-to-avoid-conflict-with-guava.jar:/Users/sivareddyk/.m2/repository/com/google/code/findbugs/jsr305/3.0.2/jsr305-3.0.2.jar:/Users/sivareddyk/.m2/repository/org/checkerframework/checker-qual/2.10.0/checker-qual-2.10.0.jar:/Users/sivareddyk/.m2/repository/com/google/errorprone/error_prone_annotations/2.3.4/error_prone_annotations-2.3.4.jar:/Users/sivareddyk/.m2/repository/com/google/j2objc/j2objc-annotations/1.3/j2objc-annotations-1.3.jar:/Users/sivareddyk/.m2/repository/com/squareup/okhttp3/okhttp/4.3.0/okhttp-4.3.0.jar:/Users/sivareddyk/.m2/repository/com/squareup/okio/okio/2.4.1/okio-2.4.1.jar:/Users/sivareddyk/.m2/repository/org/jetbrains/kotlin/kotlin-stdlib-common/1.3.50/kotlin-stdlib-common-1.3.50.jar:/Users/sivareddyk/.m2/repository/org/jetbrains/kotlin/kotlin-stdlib/1.3.61/kotlin-stdlib-1.3.61.jar:/Users/sivareddyk/.m2/repository/org/jetbrains/annotations/13.0/annotations-13.0.jar:/Users/sivareddyk/.m2/repository/com/typesafe/netty/netty-reactive-streams/2.0.4/netty-reactive-streams-2.0.4.jar:/Users/sivareddyk/.m2/repository/io/netty/netty-handler/4.1.43.Final/netty-handler-4.1.43.Final.jar:/Users/sivareddyk/.m2/repository/io/netty/netty-common/4.1.43.Final/netty-common-4.1.43.Final.jar:/Users/sivareddyk/.m2/repository/io/netty/netty-buffer/4.1.43.Final/netty-buffer-4.1.43.Final.jar:/Users/sivareddyk/.m2/repository/io/netty/netty-transport/4.1.43.Final/netty-transport-4.1.43.Final.jar:/Users/sivareddyk/.m2/repository/io/netty/netty-codec/4.1.43.Final/netty-codec-4.1.43.Final.jar:/Users/sivareddyk/.m2/repository/org/reactivestreams/reactive-streams/1.0.3/reactive-streams-1.0.3.jar:/Users/sivareddyk/.m2/repository/io/opentracing/opentracing-api/0.33.0/opentracing-api-0.33.0.jar:/Users/sivareddyk/.m2/repository/net/bytebuddy/byte-buddy/1.10.6/byte-buddy-1.10.6.jar:/Users/sivareddyk/.m2/repository/org/apache/commons/commons-exec/1.3/commons-exec-1.3.jar:/Users/sivareddyk/.m2/repository/org/asynchttpclient/async-http-client/2.10.4/async-http-client-2.10.4.jar:/Users/sivareddyk/.m2/repository/org/asynchttpclient/async-http-client-netty-utils/2.10.4/async-http-client-netty-utils-2.10.4.jar:/Users/sivareddyk/.m2/repository/io/netty/netty-codec-http/4.1.42.Final/netty-codec-http-4.1.42.Final.jar:/Users/sivareddyk/.m2/repository/io/netty/netty-codec-socks/4.1.42.Final/netty-codec-socks-4.1.42.Final.jar:/Users/sivareddyk/.m2/repository/io/netty/netty-handler-proxy/4.1.42.Final/netty-handler-proxy-4.1.42.Final.jar:/Users/sivareddyk/.m2/repository/io/netty/netty-transport-native-epoll/4.1.42.Final/netty-transport-native-epoll-4.1.42.Final-linux-x86_64.jar:/Users/sivareddyk/.m2/repository/io/netty/netty-transport-native-unix-common/4.1.42.Final/netty-transport-native-unix-common-4.1.42.Final.jar:/Users/sivareddyk/.m2/repository/io/netty/netty-transport-native-kqueue/4.1.42.Final/netty-transport-native-kqueue-4.1.42.Final-osx-x86_64.jar:/Users/sivareddyk/.m2/repository/io/netty/netty-resolver-dns/4.1.42.Final/netty-resolver-dns-4.1.42.Final.jar:/Users/sivareddyk/.m2/repository/io/netty/netty-resolver/4.1.42.Final/netty-resolver-4.1.42.Final.jar:/Users/sivareddyk/.m2/repository/io/netty/netty-codec-dns/4.1.42.Final/netty-codec-dns-4.1.42.Final.jar:/Users/sivareddyk/.m2/repository/com/sun/activation/javax.activation/1.2.0/javax.activation-1.2.0.jar:/Users/sivareddyk/.m2/repository/org/seleniumhq/selenium/selenium-http/4.0.0-alpha-4/selenium-http-4.0.0-alpha-4.jar:/Users/sivareddyk/.m2/repository/org/seleniumhq/selenium/selenium-json/4.0.0-alpha-4/selenium-json-4.0.0-alpha-4.jar:/Users/sivareddyk/.m2/repository/io/github/bonigarcia/webdrivermanager/3.8.1/webdrivermanager-3.8.1.jar:/Users/sivareddyk/.m2/repository/org/slf4j/slf4j-api/1.7.25/slf4j-api-1.7.25.jar:/Users/sivareddyk/.m2/repository/commons-io/commons-io/2.6/commons-io-2.6.jar:/Users/sivareddyk/.m2/repository/com/google/code/gson/gson/2.8.5/gson-2.8.5.jar:/Users/sivareddyk/.m2/repository/org/apache/commons/commons-lang3/3.8.1/commons-lang3-3.8.1.jar:/Users/sivareddyk/.m2/repository/org/apache/httpcomponents/httpclient/4.5.6/httpclient-4.5.6.jar:/Users/sivareddyk/.m2/repository/org/apache/httpcomponents/httpcore/4.4.10/httpcore-4.4.10.jar:/Users/sivareddyk/.m2/repository/commons-logging/commons-logging/1.2/commons-logging-1.2.jar:/Users/sivareddyk/.m2/repository/commons-codec/commons-codec/1.10/commons-codec-1.10.jar:/Users/sivareddyk/.m2/repository/org/rauschig/jarchivelib/1.0.0/jarchivelib-1.0.0.jar:/Users/sivareddyk/.m2/repository/org/apache/commons/commons-compress/1.18/commons-compress-1.18.jar:/Users/sivareddyk/.m2/repository/org/jsoup/jsoup/1.11.3/jsoup-1.11.3.jar:/Users/sivareddyk/.m2/repository/io/appium/java-client/7.0.0/java-client-7.0.0.jar:/Users/sivareddyk/.m2/repository/cglib/cglib/3.2.8/cglib-3.2.8.jar:/Users/sivareddyk/.m2/repository/org/ow2/asm/asm/6.2.1/asm-6.2.1.jar:/Users/sivareddyk/.m2/repository/org/apache/ant/ant/1.10.3/ant-1.10.3.jar:/Users/sivareddyk/.m2/repository/org/apache/ant/ant-launcher/1.10.3/ant-launcher-1.10.3.jar:/Users/sivareddyk/.m2/repository/commons-validator/commons-validator/1.6/commons-validator-1.6.jar:/Users/sivareddyk/.m2/repository/commons-beanutils/commons-beanutils/1.9.2/commons-beanutils-1.9.2.jar:/Users/sivareddyk/.m2/repository/commons-digester/commons-digester/1.8.1/commons-digester-1.8.1.jar:/Users/sivareddyk/.m2/repository/commons-collections/commons-collections/3.2.2/commons-collections-3.2.2.jar:/Users/sivareddyk/.m2/repository/org/springframework/spring-context/5.1.0.RELEASE/spring-context-5.1.0.RELEASE.jar:/Users/sivareddyk/.m2/repository/org/springframework/spring-aop/5.1.0.RELEASE/spring-aop-5.1.0.RELEASE.jar:/Users/sivareddyk/.m2/repository/org/springframework/spring-beans/5.1.0.RELEASE/spring-beans-5.1.0.RELEASE.jar:/Users/sivareddyk/.m2/repository/org/springframework/spring-core/5.1.0.RELEASE/spring-core-5.1.0.RELEASE.jar:/Users/sivareddyk/.m2/repository/org/springframework/spring-jcl/5.1.0.RELEASE/spring-jcl-5.1.0.RELEASE.jar:/Users/sivareddyk/.m2/repository/org/springframework/spring-expression/5.1.0.RELEASE/spring-expression-5.1.0.RELEASE.jar:/Users/sivareddyk/.m2/repository/org/aspectj/aspectjweaver/1.9.1/aspectjweaver-1.9.1.jar:/Users/sivareddyk/.m2/repository/org/testng/testng/6.14.3/testng-6.14.3.jar:/Users/sivareddyk/.m2/repository/com/beust/jcommander/1.72/jcommander-1.72.jar:/Users/sivareddyk/.m2/repository/org/apache-extras/beanshell/bsh/2.0b6/bsh-2.0b6.jar:/Users/sivareddyk/.m2/repository/io/qameta/allure/allure-testng/2.13.2/allure-testng-2.13.2.jar:/Users/sivareddyk/.m2/repository/io/qameta/allure/allure-java-commons/2.13.2/allure-java-commons-2.13.2.jar:/Users/sivareddyk/.m2/repository/io/qameta/allure/allure-model/2.13.2/allure-model-2.13.2.jar:/Users/sivareddyk/.m2/repository/com/fasterxml/jackson/core/jackson-databind/2.9.8/jackson-databind-2.9.8.jar:/Users/sivareddyk/.m2/repository/com/fasterxml/jackson/core/jackson-annotations/2.9.0/jackson-annotations-2.9.0.jar:/Users/sivareddyk/.m2/repository/com/fasterxml/jackson/core/jackson-core/2.9.8/jackson-core-2.9.8.jar:/Users/sivareddyk/.m2/repository/org/apache/tika/tika-core/1.20/tika-core-1.20.jar:/Users/sivareddyk/.m2/repository/org/jooq/joor-java-8/0.9.10/joor-java-8-0.9.10.jar:"/>
    <property name="sun.cpu.endian" value="little"/>
    <property name="user.home" value="/Users/sivareddyk"/>
    <property name="user.language" value="en"/>
    <property name="java.specification.vendor" value="Oracle Corporation"/>
    <property name="java.home" value="/Library/Java/JavaVirtualMachines/jdk1.8.0_231.jdk/Contents/Home/jre"/>
    <property name="basedir" value="/Users/sivareddyk/IdeaProjects/DevPreactice"/>
    <property name="file.separator" value="/"/>
    <property name="line.separator" value="&#10;"/>
    <property name="java.vm.specification.vendor" value="Oracle Corporation"/>
    <property name="java.specification.name" value="Java Platform API Specification"/>
    <property name="java.awt.graphicsenv" value="sun.awt.CGraphicsEnvironment"/>
    <property name="surefire.real.class.path" value="/Users/sivareddyk/IdeaProjects/DevPreactice/target/surefire/surefirebooter1604154016455071474.jar"/>
    <property name="sun.boot.class.path" value="/Library/Java/JavaVirtualMachines/jdk1.8.0_231.jdk/Contents/Home/jre/lib/resources.jar:/Library/Java/JavaVirtualMachines/jdk1.8.0_231.jdk/Contents/Home/jre/lib/rt.jar:/Library/Java/JavaVirtualMachines/jdk1.8.0_231.jdk/Contents/Home/jre/lib/sunrsasign.jar:/Library/Java/JavaVirtualMachines/jdk1.8.0_231.jdk/Contents/Home/jre/lib/jsse.jar:/Library/Java/JavaVirtualMachines/jdk1.8.0_231.jdk/Contents/Home/jre/lib/jce.jar:/Library/Java/JavaVirtualMachines/jdk1.8.0_231.jdk/Contents/Home/jre/lib/charsets.jar:/Library/Java/JavaVirtualMachines/jdk1.8.0_231.jdk/Contents/Home/jre/lib/jfr.jar:/Library/Java/JavaVirtualMachines/jdk1.8.0_231.jdk/Contents/Home/jre/classes"/>
    <property name="sun.management.compiler" value="HotSpot 64-Bit Tiered Compilers"/>
    <property name="ftp.nonProxyHosts" value="local|*.local|169.254/16|*.169.254/16"/>
    <property name="java.runtime.version" value="1.8.0_231-b11"/>
    <property name="user.name" value="sivareddyk"/>
    <property name="path.separator" value=":"/>
    <property name="os.version" value="10.14.6"/>
    <property name="java.endorsed.dirs" value="/Library/Java/JavaVirtualMachines/jdk1.8.0_231.jdk/Contents/Home/jre/lib/endorsed"/>
    <property name="java.runtime.name" value="Java(TM) SE Runtime Environment"/>
    <property name="file.encoding" value="UTF-8"/>
    <property name="java.vm.name" value="Java HotSpot(TM) 64-Bit Server VM"/>
    <property name="localRepository" value="/Users/sivareddyk/.m2/repository"/>
    <property name="java.vendor.url.bug" value="http://bugreport.sun.com/bugreport/"/>
    <property name="java.io.tmpdir" value="/var/folders/4k/3vyfypg10rv3l48m1pc23jbr0000gp/T/"/>
    <property name="java.version" value="1.8.0_231"/>
    <property name="user.dir" value="/Users/sivareddyk/IdeaProjects/DevPreactice"/>
    <property name="os.arch" value="x86_64"/>
    <property name="java.vm.specification.name" value="Java Virtual Machine Specification"/>
    <property name="java.awt.printerjob" value="sun.lwawt.macosx.CPrinterJob"/>
    <property name="sun.os.patch.level" value="unknown"/>
    <property name="java.library.path" value="/Users/sivareddyk/Library/Java/Extensions:/Library/Java/Extensions:/Network/Library/Java/Extensions:/System/Library/Java/Extensions:/usr/lib/java:."/>
    <property name="java.vm.info" value="mixed mode"/>
    <property name="java.vendor" value="Oracle Corporation"/>
    <property name="java.vm.version" value="25.231-b11"/>
    <property name="java.ext.dirs" value="/Users/sivareddyk/Library/Java/Extensions:/Library/Java/JavaVirtualMachines/jdk1.8.0_231.jdk/Contents/Home/jre/lib/ext:/Library/Java/Extensions:/Network/Library/Java/Extensions:/System/Library/Java/Extensions:/usr/lib/java"/>
    <property name="sun.io.unicode.encoding" value="UnicodeBig"/>
    <property name="java.class.version" value="52.0"/>
    <property name="socksNonProxyHosts" value="local|*.local|169.254/16|*.169.254/16"/>
  </properties>
  <testcase name="firstTest" classname="WebAutomation.SampleTest" time="6.176"/>
</testsuite>