<?xml version="1.0" encoding="UTF-8"?>
<!-- Generated by org.testng.reporters.JUnitReportReporter -->
<testsuite skipped="0" hostname="apples-MacBook-Pro.local" name="WebAutomation.SampleTest" tests="1" failures="0" timestamp="06 Mar 2020 17:09:27 GMT" time="16.145" errors="0">
  <testcase name="firstTest" time="16.145" classname="WebAutomation.SampleTest"/>
</testsuite> <!-- WebAutomation.SampleTest -->
